<?xml version="1.0" encoding="UTF-8"?>
<testsuite name="com.curso.ecosistema.gradle.holamundo.LibraryTest" tests="1" skipped="0" failures="0" errors="0" timestamp="2018-12-12T08:45:55" hostname="a15-pcprofesor" time="0.002">
  <properties/>
  <testcase name="testSomeLibraryMethod" classname="com.curso.ecosistema.gradle.holamundo.LibraryTest" time="0.002"/>
  <system-out><![CDATA[]]></system-out>
  <system-err><![CDATA[]]></system-err>
</testsuite>
